<?xml version="1.0" encoding="UTF-8"?>
<!-- Generated by org.testng.reporters.JUnitXMLReporter -->
<testsuite ignored="2" hostname="DESKTOP-M7GVVU2" failures="0" tests="12" name="Test" time="25.501" errors="0" timestamp="2021-02-13T14:57:54 GMT-08:00">
  <testcase classname="com.qa.Utils.BaseTest" name="@BeforeClass LaunchApplication" time="0.001">
    <failure type="java.lang.NullPointerException" message="Cannot invoke &amp;quot;String.equals(Object)&amp;quot; because &amp;quot;browsername&amp;quot; is null">
      <![CDATA[java.lang.NullPointerException: Cannot invoke "String.equals(Object)" because "browsername" is null
at com.qa.Utils.BrowserFactory.createBrowserInstance(BrowserFactory.java:19)
at com.qa.Utils.BaseTest.LaunchApplication(BaseTest.java:30)
at java.base/java.util.concurrent.ThreadPoolExecutor.runWorker(ThreadPoolExecutor.java:1130)
at java.base/java.util.concurrent.ThreadPoolExecutor$Worker.run(ThreadPoolExecutor.java:630)
at java.base/java.lang.Thread.run(Thread.java:832)
... Removed 10 stack frames]]>
    </failure>
  </testcase> <!-- @BeforeClass LaunchApplication -->
  <testcase classname="com.qa.Utils.BaseTest" name="@BeforeClass LaunchApplication" time="0.001">
    <failure type="java.lang.NullPointerException" message="Cannot invoke &amp;quot;String.equals(Object)&amp;quot; because &amp;quot;browsername&amp;quot; is null">
      <![CDATA[java.lang.NullPointerException: Cannot invoke "String.equals(Object)" because "browsername" is null
at com.qa.Utils.BrowserFactory.createBrowserInstance(BrowserFactory.java:19)
at com.qa.Utils.BaseTest.LaunchApplication(BaseTest.java:30)
at java.base/java.util.concurrent.ThreadPoolExecutor.runWorker(ThreadPoolExecutor.java:1130)
at java.base/java.util.concurrent.ThreadPoolExecutor$Worker.run(ThreadPoolExecutor.java:630)
at java.base/java.lang.Thread.run(Thread.java:832)
... Removed 10 stack frames]]>
    </failure>
  </testcase> <!-- @BeforeClass LaunchApplication -->
  <testcase classname="com.qa.Utils.BaseTest" name="@AfterClass CloseApplication" time="-1.61325704949E9">
    <skipped/>
  </testcase> <!-- @AfterClass CloseApplication -->
  <testcase classname="com.qa.Utils.BaseTest" name="@AfterClass CloseApplication" time="-1.61325704949E9">
    <skipped/>
  </testcase> <!-- @AfterClass CloseApplication -->
  <testcase classname="com.qa.Tests.TestCase2" name="method1" time="0.0">
    <skipped/>
  </testcase> <!-- method1 -->
  <testcase classname="com.qa.Tests.TestCase1" name="method1" time="0.0">
    <skipped/>
  </testcase> <!-- method1 -->
  <testcase classname="com.qa.Tests.TestCase2" name="method2" time="0.0">
    <skipped/>
  </testcase> <!-- method2 -->
  <testcase classname="com.qa.Tests.TestCase1" name="method2" time="0.0">
    <skipped/>
  </testcase> <!-- method2 -->
  <testcase classname="com.qa.Tests.TestCase2" name="method3" time="0.0">
    <skipped/>
  </testcase> <!-- method3 -->
  <testcase classname="com.qa.Tests.TestCase1" name="method3" time="0.0">
    <skipped/>
  </testcase> <!-- method3 -->
  <testcase classname="com.qa.Tests.TestCase2" name="method4" time="0.0">
    <skipped/>
  </testcase> <!-- method4 -->
  <testcase classname="com.qa.Tests.TestCase1" name="method4" time="0.0">
    <skipped/>
  </testcase> <!-- method4 -->
  <testcase classname="com.qa.Tests.TestCase" name="method1" time="0.003"/>
  <testcase classname="com.qa.Tests.TestCase" name="method2" time="0.004"/>
  <testcase classname="com.qa.Tests.TestCase" name="method3" time="0.003"/>
  <testcase classname="com.qa.Tests.TestCase" name="method4" time="0.004"/>
  <testcase classname="com.qa.Utils.BaseTest" name="@BeforeSuite intialization" time="0.0">
    <ignored/>
  </testcase> <!-- @BeforeSuite intialization -->
  <testcase classname="com.qa.Utils.BaseTest" name="@BeforeSuite intialization" time="0.0">
    <ignored/>
  </testcase> <!-- @BeforeSuite intialization -->
</testsuite> <!-- Test -->
